<?xml version="1.0" encoding="UTF-8"?>
<testsuite name="VirtualPetShelterTest" tests="1" skipped="0" failures="0" errors="0" timestamp="2020-06-03T01:48:16" hostname="LAPTOP-A1IN7KJM" time="0.026">
  <properties/>
  <testcase name="shouldIncreaseHappinessBy5ForDogsWhenWalking()" classname="VirtualPetShelterTest" time="0.026"/>
  <system-out><![CDATA[]]></system-out>
  <system-err><![CDATA[]]></system-err>
</testsuite>
